Build started 4/27/2013 4:29:50 PM.
     1>Project "I:\Documents and Settings\Daniel Morton\Desktop\Console Trainer\Console Trainer\Console Trainer.vcxproj" on node 2 (build target(s)).
     1>InitializeBuildStatus:
         Creating "Debug\Console Trainer.unsuccessfulbuild" because "AlwaysCreate" was specified.
       ClCompile:
         I:\Program Files\Microsoft Visual Studio 10.0\VC\bin\CL.exe /c /ZI /nologo /W3 /WX- /Od /Oy- /D WIN32 /D _DEBUG /D _CONSOLE /D _MBCS /Gm /EHsc /RTC1 /MDd /GS /fp:precise /Zc:wchar_t /Zc:forScope /Fo"Debug\\" /Fd"Debug\vc100.pdb" /Gd /TP /analyze- /errorReport:prompt Main.cpp
         Main.cpp
       ManifestResourceCompile:
         All outputs are up-to-date.
       Link:
         I:\Program Files\Microsoft Visual Studio 10.0\VC\bin\link.exe /ERRORREPORT:PROMPT /OUT:"I:\Documents and Settings\Daniel Morton\Desktop\Console Trainer\Debug\Console Trainer.exe" /INCREMENTAL /NOLOGO kernel32.lib user32.lib gdi32.lib winspool.lib comdlg32.lib advapi32.lib shell32.lib ole32.lib oleaut32.lib uuid.lib odbc32.lib odbccp32.lib /MANIFEST /ManifestFile:"Debug\Console Trainer.exe.intermediate.manifest" /MANIFESTUAC:"level='asInvoker' uiAccess='false'" /DEBUG /PDB:"I:\Documents and Settings\Daniel Morton\Desktop\Console Trainer\Debug\Console Trainer.pdb" /SUBSYSTEM:CONSOLE /TLBID:1 /DYNAMICBASE /NXCOMPAT /IMPLIB:"I:\Documents and Settings\Daniel Morton\Desktop\Console Trainer\Debug\Console Trainer.lib" /MACHINE:X86 "Debug\Console Trainer.exe.embed.manifest.res"
         Debug\Main.obj
       Manifest:
         I:\Program Files\Microsoft SDKs\Windows\v7.0A\bin\mt.exe /nologo /verbose /out:"Debug\Console Trainer.exe.embed.manifest" /manifest "Debug\Console Trainer.exe.intermediate.manifest"
         All outputs are up-to-date.
       LinkEmbedManifest:
         All outputs are up-to-date.
         Console Trainer.vcxproj -> I:\Documents and Settings\Daniel Morton\Desktop\Console Trainer\Debug\Console Trainer.exe
       FinalizeBuildStatus:
         Deleting file "Debug\Console Trainer.unsuccessfulbuild".
         Touching "Debug\Console Trainer.lastbuildstate".
     1>Done Building Project "I:\Documents and Settings\Daniel Morton\Desktop\Console Trainer\Console Trainer\Console Trainer.vcxproj" (build target(s)).

Build succeeded.

Time Elapsed 00:00:05.56
